2025-10-09 17:35:30,886 - TradingBot - INFO - LiveExecutorV3 initialized (thread-safe) | Positions loaded: 0
2025-10-09 17:35:30,886 - TradingBot - INFO - [LIVE] Executing BUY: 0.000800 ETH @ 6,356,000 KRW (Total: 5,085 KRW)
2025-10-09 17:35:30,886 - TradingBot - INFO -   Reason: Test purchase: 5000 KRW worth of ETH
2025-10-09 17:35:30,886 - TradingBot - WARNING - 🔴 EXECUTING REAL ORDER ON BITHUMB
2025-10-09 17:35:31,097 - TradingBot - INFO - Position opened: ETH | Size: 0.000800 | Entry: 6,356,000
2025-10-09 17:40:03,900 - TradingBot - INFO - Loaded 1 positions from state file
2025-10-09 17:40:03,900 - TradingBot - INFO - LiveExecutorV3 initialized (thread-safe) | Positions loaded: 1
2025-10-09 17:40:03,900 - TradingBot - INFO - [LIVE] Executing SELL: 0.015645 SOL @ 322,700 KRW (Total: 5,048 KRW)
2025-10-09 17:40:03,900 - TradingBot - INFO -   Reason: Test sale: Selling ALL 0.015645 SOL holdings
2025-10-09 17:40:03,900 - TradingBot - WARNING - 🔴 EXECUTING REAL ORDER ON BITHUMB
2025-10-09 17:55:37,875 - TradingBot - INFO - LiveExecutorV3 initialized (thread-safe) | Positions loaded: 0
2025-10-09 17:55:37,875 - TradingBot - INFO - [DRY-RUN] Executing BUY: 0.001000 BTC @ 50,000,000 KRW (Total: 50,000 KRW)
2025-10-09 17:55:37,875 - TradingBot - INFO -   Reason: Initial entry
2025-10-09 17:55:37,875 - TradingBot - INFO - Position opened: BTC | Size: 0.001000 | Entry: 50,000,000
2025-10-09 17:55:37,876 - TradingBot - INFO - [DRY-RUN] Executing BUY: 0.000500 BTC @ 51,000,000 KRW (Total: 25,500 KRW)
2025-10-09 17:55:37,876 - TradingBot - INFO -   Reason: Pyramid entry #2
2025-10-09 17:55:37,876 - TradingBot - INFO - PYRAMID ENTRY #2: BTC | Added: 0.000500 @ 51,000,000 KRW | Total size: 0.001500 | Avg entry: 50,333,333 KRW
2025-10-09 17:55:37,876 - TradingBot - INFO - [DRY-RUN] Executing BUY: 0.000250 BTC @ 52,000,000 KRW (Total: 13,000 KRW)
2025-10-09 17:55:37,876 - TradingBot - INFO -   Reason: Pyramid entry #3
2025-10-09 17:55:37,876 - TradingBot - INFO - PYRAMID ENTRY #3: BTC | Added: 0.000250 @ 52,000,000 KRW | Total size: 0.001750 | Avg entry: 50,571,429 KRW
2025-10-09 18:09:40,273 - TradingBot - INFO - Loaded 1 positions from state file
2025-10-09 18:09:40,273 - TradingBot - INFO - LiveExecutorV3 initialized (thread-safe) | Positions loaded: 1
2025-10-09 18:09:57,878 - TradingBot - INFO - Loaded 1 positions from state file
2025-10-09 18:09:57,878 - TradingBot - INFO - LiveExecutorV3 initialized (thread-safe) | Positions loaded: 1
2025-10-09 18:09:58,106 - TradingBot - INFO - [LIVE] Executing SELL: 0.000800 ETH @ 6,338,000 KRW (Total: 5,070 KRW)
2025-10-09 18:09:58,106 - TradingBot - INFO -   Reason: Test script: Selling all ETH holdings
2025-10-09 18:09:58,106 - TradingBot - WARNING - 🔴 EXECUTING REAL ORDER ON BITHUMB
2025-10-09 18:09:58,292 - TradingBot - INFO - Position closed: ETH | Entries: 1 | Profit: -14 KRW (-0.28%)
